<?xml version="1.0" encoding="UTF-8"?>
<testsuite xmlns:xsi="http://www.w3.org/2001/XMLSchema-instance" xsi:noNamespaceSchemaLocation="https://maven.apache.org/surefire/maven-surefire-plugin/xsd/surefire-test-report-3.0.xsd" version="3.0" name="TestLinearSearch" time="0.133" tests="3" errors="0" skipped="0" failures="0">
  <properties>
[...]
</properties>
  <testcase name="testEdgeCase" classname="TestLinearSearch" time="0.06"/>
  <testcase name="testUnhappyCase" classname="TestLinearSearch" time="0.005"/>
  <testcase name="testSearch" classname="TestLinearSearch" time="0.004"/>
</testsuite>